Agent Group Id: 012X2825000000000002
Agent Group Name: c5a9177f060353f
Agent Name: c5a9177f060353f
Agent Id: 012X2808000000000002
Task Name: m_time_calender
Task Type: MTT_TEST
Task Id: 012X280Z000000000005
Run Id: 2
Service Id: 1839156
Started By: vaibhavvijay21vv@gmail.com
Run Context Type: ICS_UI
04/07/2025 15:07:00 **** Importing Connection: Conn_012X280B000000000005 ...
04/07/2025 15:07:00 **** Importing Source Definition: SRC_Calender_File_txt ...
04/07/2025 15:07:00 **** Importing Target Definition: CDW_UAS_D_TIME ...
04/07/2025 15:07:00 **** Importing SessionConfig: default_session_config ...
    <Warning> :  The Error Log DB Connection value should have Relational: as the prefix.
    <Warning> :  Invalid value  for attribute Error Log DB Connection. Will use the default value 
    Validating Source Definition  SRC_Calender_File_txt...
    Validating Target Definition  CDW_UAS_D_TIME...
04/07/2025 15:07:00 **** Importing Mapping: Mapping0 ...
    <Warning> :  transformation: Source - Invalid value  for attribute Output is repeatable. Will use the default value Never    [transformation< Source > ] 
    <Warning> :  Invalid table attribute: Thousand Separator    [transformation< Source > ] 
    <Warning> :  Invalid table attribute: Decimal Separator    [transformation< Source > ] 
    <Warning> :  Invalid table attribute: Datetime Format    [transformation< Source > ] 
Validating transformations of mapping Mapping0...
Validating mapping variable(s).
04/07/2025 15:07:00 **** Importing Workflow: wf_mtt_012X280Z000000000005 ...
    <Warning> :  Invalid value None for attribute Pushdown Optimization Context. Will use the default value None     [Session< s_mtt_012X280Z000000000005 > ] 
    <Warning> :  The value entered is not a valid integer.
    <Warning> :  Invalid value NO for attribute Fail task after wait time. Will use the default value 
Successfully extracted session instance [s_mtt_012X280Z000000000005].  Starting repository sequence id is [1359552902]
======================================================================
DIRECTOR> VAR_27085 [2025-04-07 15:07:01.569] Parameter file [C:\Users\Administrator\Desktop\apps\Data_Integration_Server\data\parameters\s_mtt_012X280Z000000000005.param] is opened for [session [wf_mtt_012X280Z000000000005.s_mtt_012X280Z000000000005]].
DIRECTOR> VAR_27062 [2025-04-07 15:07:01.570] Warning! Cannot find section for worklet [wf_mtt_012X280Z000000000005] and folder [] in parameter file [C:\Users\Administrator\Desktop\apps\Data_Integration_Server\data\parameters\s_mtt_012X280Z000000000005.param].
DIRECTOR> TM_6014 [2025-04-07 15:07:01.571] Initializing session [s_mtt_012X280Z000000000005] at [Mon Apr 07 15:07:01 2025].
DIRECTOR> TM_6683 [2025-04-07 15:07:01.684] Repository Name: [XMLRepository]
DIRECTOR> TM_6684 [2025-04-07 15:07:01.684] Server Name: [rDTM]
DIRECTOR> TM_6686 [2025-04-07 15:07:01.684] Folder: []
DIRECTOR> TM_6685 [2025-04-07 15:07:01.684] Workflow: [wf_mtt_012X280Z000000000005] Run Instance Name: [] Run Id: [0]
DIRECTOR> TM_6992 [2025-04-07 15:07:01.684] Operating System Type [NT]
DIRECTOR> TM_6101 [2025-04-07 15:07:01.684] Mapping name: Mapping0.
DIRECTOR> TM_6964 [2025-04-07 15:07:01.684] Date format for the Session is [MM/DD/YYYY HH24:MI:SS.US]
DIRECTOR> TM_6703 [2025-04-07 15:07:01.685] Session [s_mtt_012X280Z000000000005] is run by 64-bit Integration Service  [], version [10.2.0 HotFix2], build [0321].
MANAGER> PETL_24091 [2025-04-07 15:07:03.876] Thread [MANAGER] has the ID [1].
MANAGER> PETL_24058 [2025-04-07 15:07:03.876] Running Partition Group [1].
MANAGER> PETL_24000 [2025-04-07 15:07:03.876] Parallel Pipeline Engine initializing.
MONITOR> PETL_24091 [2025-04-07 15:07:03.877] Thread [MONITOR] has the ID [2].
MANAGER> PETL_24001 [2025-04-07 15:07:03.877] Parallel Pipeline Engine running.
MANAGER> PETL_24003 [2025-04-07 15:07:03.877] Initializing session run.
MAPPING> PETL_24091 [2025-04-07 15:07:03.878] Thread [MAPPING] has the ID [3].
MAPPING> CMN_1569 [2025-04-07 15:07:03.881] Server Mode: [UNICODE]
MAPPING> CMN_1570 [2025-04-07 15:07:03.881] Server Code page: [MS Windows Latin 1 (ANSI), superset of Latin1]
MAPPING> TM_6151 [2025-04-07 15:07:03.881] The session sort order is [Binary].
MAPPING> TM_6185 [2025-04-07 15:07:03.881] Warning. Code page validation is disabled in this session.
MAPPING> CMN_65109 [2025-04-07 15:07:03.881] Current Timezone:[UTC +5:30]
MAPPING> CMN_65111 [2025-04-07 15:07:03.881] Current Process ID:[9396]
MAPPING> TM_6155 [2025-04-07 15:07:03.881] Using HIGH precision processing.
MAPPING> TM_6180 [2025-04-07 15:07:03.881] Deadlock retry logic will not be implemented.
MAPPING> TM_6187 [2025-04-07 15:07:03.881] Session target-based commit interval is [10000].
MAPPING> TM_6307 [2025-04-07 15:07:03.882] DTM error log disabled. 
MAPPING> TE_7022 [2025-04-07 15:07:03.882] TShmWriter: Initialized
MAPPING> TM_6007 [2025-04-07 15:07:03.886] DTM initialized successfully for session [s_mtt_012X280Z000000000005]
DIRECTOR> PETL_24033 [2025-04-07 15:07:04.130] All DTM Connection Info: [<NONE>].
MANAGER> PETL_24004 [2025-04-07 15:07:04.130] Starting pre-session tasks. : (Mon Apr 07 15:07:04 2025)
PRE-SESS> PETL_24091 [2025-04-07 15:07:04.131] Thread [PRE-SESS] has the ID [4].
MANAGER> PETL_24027 [2025-04-07 15:07:04.209] Pre-session task completed successfully. : (Mon Apr 07 15:07:04 2025)
DIRECTOR> PETL_24006 [2025-04-07 15:07:04.209] Starting data movement.
MAPPING> TM_6660 [2025-04-07 15:07:04.210] Total Buffer Pool size is 2590240 bytes and Block size is 141680 bytes.
READER_1_1_1> PETL_24091 [2025-04-07 15:07:04.212] Thread [READER_1_1_1] has the ID [5].
READER_1_1_1> DBG_21437 [2025-04-07 15:07:04.215] Reader: Source is a file-based source.
READER_1_1_1> FR_3118 [2025-04-07 15:07:04.215] source [Source] code page: [UTF-8 encoding of Unicode]
READER_1_1_1> FR_3071 [2025-04-07 15:07:04.216] Maximum Line sequential buffer length is 1026.
READER_1_1_1> BLKR_16003 [2025-04-07 15:07:04.217] Initialization completed successfully.
TRANSF_1_1_1> PETL_24091 [2025-04-07 15:07:04.218] Thread [TRANSF_1_1_1] has the ID [6].
WRITER_1_*_1> PETL_24091 [2025-04-07 15:07:04.219] Thread [WRITER_1_*_1] has the ID [7].
WRITER_1_*_1> WRT_8147 [2025-04-07 15:07:04.223] Writer: Target is Database [odbc://dbtype=SqlServer;host=localhost;port=1433;database=university], Type [ODBC], User [sa], Bulk Mode [OFF]
WRITER_1_*_1> CMN_1021 [2025-04-07 15:07:04.238] Database driver event...
CMN_1021 [Reading driver properties from : C:\Users\Administrator\Desktop\apps\Data_Integration_Server\72.0.2.1\ICS\main\bin\rdtm/../../../../drivers/driver.properties
DTM flag to determine driver name is not found hence default to [DataDirect CLOSED 8.0 SQL Server Wire Protocol for Informatica - BASE] driver.
ODBC Event Using array fetches.
ODBC Event Using Single Row Inserts. connect string = [Driver=DataDirect CLOSED 8.0 SQL Server Wire Protocol for Informatica - BASE;DB=university;HOST=localhost;PORT=1433;UID=sa;WorkArounds2=2;EQI=1;ValidateServerCertificate=0;APP=Informatica;TimestampTruncationBehavior=1]. userid = [sa]
ODBC Version:	03.80.0000
.
DBMS Name:	Microsoft SQL Server
.
DBMS Version:	13.00.6404
.
Driver Name:	dwsqls28.dll
.
Driver Version:	08.02.1018 (B0983, U0720)
.
Driver ODBC Version:	03.52
.]

WRITER_1_*_1> WRT_8221 [2025-04-07 15:07:04.238] Target database connection [Conn_012X280B000000000005] code page: [UTF-8 encoding of Unicode]
WRITER_1_*_1> WRT_8397 [2025-04-07 15:07:04.240] Appending output data to file [C:\Users\Administrator\Desktop\apps\Data_Integration_Server\data\error\34EAUeqZLAidZTKIbiDAGA\Target_output1.bad] (initial size [59]).
WRITER_1_*_1> WRT_8124 [2025-04-07 15:07:04.240] Target Table CDW_UAS_D_TIME :SQL INSERT statement:
INSERT INTO dbo.CDW_UAS_D_TIME(TIMEID,DAY,MONTH,QUARTER,YEAR)  VALUES ( ?, ?, ?, ?, ?) 
WRITER_1_*_1> WRT_8020 [2025-04-07 15:07:04.240] No column marked as primary key for table [CDW_UAS_D_TIME]. UPDATEs Not Supported.
WRITER_1_*_1> WRT_8270 [2025-04-07 15:07:04.241] Target connection group #1 consists of target(s) [CDW_UAS_D_TIME]
WRITER_1_*_1> WRT_8003 [2025-04-07 15:07:04.241] Writer initialization complete.
READER_1_1_1> BLKR_16007 [2025-04-07 15:07:04.241] Reader run started.
WRITER_1_*_1> WRT_8005 [2025-04-07 15:07:04.241] Writer run started.
WRITER_1_*_1> WRT_8158 [2025-04-07 15:07:04.241] 

*****START LOAD SESSION*****

Load Start Time: Mon Apr 07 15:07:04 2025

Target tables:

     CDW_UAS_D_TIME


READER_1_1_1> _3120 [2025-04-07 15:07:04.242] Number of column in metadata are more than source file.
READER_1_1_1> FR_3076 [2025-04-07 15:07:04.242] Skipped over [1] lines.
READER_1_1_1> DBG_21430 [2025-04-07 15:07:04.242] Reading data from input source file [C:\Users\Administrator\Desktop\UAS_PROj\SRC_Calender_File.txt] : (Mon Apr 07 15:07:04 2025)
READER_1_1_1> BLKR_16019 [2025-04-07 15:07:04.242] Read [365] rows, read [0] error rows for source table [SRC_Calender_File_txt] instance name [SRC_Calender_File_txt]
READER_1_1_1> BLKR_16008 [2025-04-07 15:07:04.242] Reader run completed.
TRANSF_1_1_1> DBG_21216 [2025-04-07 15:07:04.351] Finished transformations for Source Qualifier [Source]. Total errors [0] 
WRITER_1_*_1> WRT_8167 [2025-04-07 15:07:04.352] Start loading table [CDW_UAS_D_TIME] at: Mon Apr 07 15:07:04 2025
WRITER_1_*_1> WRT_8168 [2025-04-07 15:07:04.524] End loading table [CDW_UAS_D_TIME] at: Mon Apr 07 15:07:04 2025
WRITER_1_*_1> WRT_8141 [2025-04-07 15:07:04.585] 
Commit on end-of-data  Mon Apr 07 15:07:04 2025
===================================================

WRT_8036 Target: CDW_UAS_D_TIME (Instance Name: [CDW_UAS_D_TIME])
WRT_8038 Inserted rows - Requested: 365        Applied: 365        Rejected: 0          Affected: 365       

WRITER_1_*_1> WRT_8035 [2025-04-07 15:07:04.586] Load complete time: Mon Apr 07 15:07:04 2025

LOAD SUMMARY
============

WRT_8036 Target: CDW_UAS_D_TIME (Instance Name: [CDW_UAS_D_TIME])
WRT_8038 Inserted rows - Requested: 365        Applied: 365        Rejected: 0          Affected: 365       


WRITER_1_*_1> WRT_8043 [2025-04-07 15:07:04.586] *****END LOAD SESSION*****
WRITER_1_*_1> WRT_8006 [2025-04-07 15:07:04.588] Writer run completed.
MANAGER> PETL_24031 [2025-04-07 15:07:04.589] 
***** RUN INFO FOR TGT LOAD ORDER GROUP [1], CONCURRENT SET [1] *****
Thread [READER_1_1_1] created for [the read stage] of partition point [Source] has completed. The total run time was insufficient for any meaningful statistics.
Thread [TRANSF_1_1_1] created for [the transformation stage] of partition point [Source] has completed. The total run time was insufficient for any meaningful statistics.
Thread [WRITER_1_*_1] created for [the write stage] of partition point [CDW_UAS_D_TIME] has completed. The total run time was insufficient for any meaningful statistics.

MANAGER> PETL_24005 [2025-04-07 15:07:04.797] Starting post-session tasks. : (Mon Apr 07 15:07:04 2025)
POST-SESS> PETL_24091 [2025-04-07 15:07:04.798] Thread [POST-SESS] has the ID [8].
MANAGER> PETL_24029 [2025-04-07 15:07:04.887] Post-session task completed successfully. : (Mon Apr 07 15:07:04 2025)
MAPPING> TM_6018 [2025-04-07 15:07:04.887] The session completed with [0] row transformation errors. 
MANAGER> PETL_24002 [2025-04-07 15:07:05.965] Parallel Pipeline Engine finished.
DIRECTOR> PETL_24012 [2025-04-07 15:07:06.029] Session run completed successfully.
DIRECTOR> TM_6022 [2025-04-07 15:07:06.029] 

SESSION LOAD SUMMARY
================================================

DIRECTOR> TM_6252 [2025-04-07 15:07:06.029] Source Load Summary.
DIRECTOR> CMN_1740 [2025-04-07 15:07:06.029] Table: [Source] (Instance Name: [Source] Instance UI Name: [Source])
	 Output Rows [365], Affected Rows [365], Applied Rows [365], Rejected Rows [0]
DIRECTOR> TM_6253 [2025-04-07 15:07:06.029] Target Load Summary.
DIRECTOR> CMN_1740 [2025-04-07 15:07:06.029] Table: [CDW_UAS_D_TIME] (Instance Name: [CDW_UAS_D_TIME] Instance UI Name: [Target])
	 Output Rows [365], Affected Rows [365], Applied Rows [365], Rejected Rows [0]
DIRECTOR> TM_6023 [2025-04-07 15:07:06.029] 
===================================================

DIRECTOR> TM_6020 [2025-04-07 15:07:06.029] Session [s_mtt_012X280Z000000000005] completed at [Mon Apr 07 15:07:06 2025].
